<?xml version="1.0" encoding="UTF-8"?>
<testsuite xmlns:xsi="http://www.w3.org/2001/XMLSchema-instance" xsi:noNamespaceSchemaLocation="https://maven.apache.org/surefire/maven-surefire-plugin/xsd/surefire-test-report.xsd" name="za.ac.nwu.ac.logic.implementation.ValidationServiceTest" time="0.104" tests="8" errors="0" skipped="0" failures="0">
  <properties>
[...]
</properties>
  <testcase name="testIsValidPasswordWithValidPassword" classname="za.ac.nwu.ac.logic.implementation.ValidationServiceTest" time="0"/>
  <testcase name="testIsValidEmailWithInvalidEmail" classname="za.ac.nwu.ac.logic.implementation.ValidationServiceTest" time="0"/>
  <testcase name="testIsValidNameWithNameWithSpecialCharacter" classname="za.ac.nwu.ac.logic.implementation.ValidationServiceTest" time="0.102"/>
  <testcase name="testIsValidEmailWithValidEmail" classname="za.ac.nwu.ac.logic.implementation.ValidationServiceTest" time="0"/>
  <testcase name="testIsValidNameWithNameWithoutCapital" classname="za.ac.nwu.ac.logic.implementation.ValidationServiceTest" time="0.001"/>
  <testcase name="testIsValidNameWithValidName" classname="za.ac.nwu.ac.logic.implementation.ValidationServiceTest" time="0"/>
  <testcase name="testIsValidPasswordWithInvalidPassword" classname="za.ac.nwu.ac.logic.implementation.ValidationServiceTest" time="0"/>
  <testcase name="testIsValidNameWithNameWithNumbers" classname="za.ac.nwu.ac.logic.implementation.ValidationServiceTest" time="0.001"/>
</testsuite>