<?xml version="1.0" encoding="UTF-8"?>
<testsuite xmlns:xsi="http://www.w3.org/2001/XMLSchema-instance" xsi:noNamespaceSchemaLocation="https://maven.apache.org/surefire/maven-surefire-plugin/xsd/surefire-test-report.xsd" name="za.ac.nwu.ac.logic.implementation.UserAccountServiceImplTest" time="0.047" tests="10" errors="0" skipped="0" failures="0">
  <properties>
[...]
</properties>
  <testcase name="testLogInUser" classname="za.ac.nwu.ac.logic.implementation.UserAccountServiceImplTest" time="0.006"/>
  <testcase name="testAddPhotoToAlbum" classname="za.ac.nwu.ac.logic.implementation.UserAccountServiceImplTest" time="0"/>
  <testcase name="testTestAddPhotoToOwnedAlbum" classname="za.ac.nwu.ac.logic.implementation.UserAccountServiceImplTest" time="0"/>
  <testcase name="testAddPhotoToOwnedAlbum" classname="za.ac.nwu.ac.logic.implementation.UserAccountServiceImplTest" time="0"/>
  <testcase name="testCreateAlbum" classname="za.ac.nwu.ac.logic.implementation.UserAccountServiceImplTest" time="0"/>
  <testcase name="testSharePhotoToUser" classname="za.ac.nwu.ac.logic.implementation.UserAccountServiceImplTest" time="0"/>
  <testcase name="testTestAddPhotoToAlbum" classname="za.ac.nwu.ac.logic.implementation.UserAccountServiceImplTest" time="0"/>
  <testcase name="testFindUserById" classname="za.ac.nwu.ac.logic.implementation.UserAccountServiceImplTest" time="0.001"/>
  <testcase name="testFindUserByEmail" classname="za.ac.nwu.ac.logic.implementation.UserAccountServiceImplTest" time="0"/>
  <testcase name="testCreateUserAccount" classname="za.ac.nwu.ac.logic.implementation.UserAccountServiceImplTest" time="0"/>
</testsuite>